This file contains any messages produced by compilers while
running configure, to aid debugging if configure makes a mistake.

It was created by beatbox configure 0.1, which was
generated by GNU Autoconf 2.67.  Invocation command line was

  $ ./configure --enable-maintainer-mode

## --------- ##
## Platform. ##
## --------- ##

hostname = scott-Inspiron-1525
uname -m = i686
uname -r = 2.6.35-22-generic-pae
uname -s = Linux
uname -v = #35-Ubuntu SMP Sat Oct 16 22:16:51 UTC 2010

/usr/bin/uname -p = unknown
/bin/uname -X     = unknown

/bin/arch              = unknown
/usr/bin/arch -k       = unknown
/usr/convex/getsysinfo = unknown
/usr/bin/hostinfo      = unknown
/bin/machine           = unknown
/usr/bin/oslevel       = unknown
/bin/universe          = unknown

PATH: /usr/local/sbin
PATH: /usr/local/bin
PATH: /usr/sbin
PATH: /usr/bin
PATH: /sbin
PATH: /bin
PATH: /usr/games


## ----------- ##
## Core tests. ##
## ----------- ##

configure:2528: checking for pkg-config
configure:2546: found /usr/bin/pkg-config
configure:2558: result: /usr/bin/pkg-config
configure:2583: checking pkg-config is at least version 0.16
configure:2586: result: yes
configure:2738: checking for a BSD-compatible install
configure:2806: result: /usr/bin/install -c
configure:2817: checking whether build environment is sane
configure:2867: result: yes
configure:3008: checking for a thread-safe mkdir -p
configure:3047: result: /bin/mkdir -p
configure:3060: checking for gawk
configure:3090: result: no
configure:3060: checking for mawk
configure:3076: found /usr/bin/mawk
configure:3087: result: mawk
configure:3098: checking whether make sets $(MAKE)
configure:3120: result: yes
configure:3195: checking how to create a ustar tar archive
configure:3208: tar --version
tar (GNU tar) 1.23
Copyright (C) 2010 Free Software Foundation, Inc.
License GPLv3+: GNU GPL version 3 or later <http://gnu.org/licenses/gpl.html>.
This is free software: you are free to change and redistribute it.
There is NO WARRANTY, to the extent permitted by law.

Written by John Gilmore and Jay Fenlason.
configure:3211: $? = 0
configure:3251: tardir=conftest.dir && eval tar --format=ustar -chf - "$tardir" >conftest.tar
configure:3254: $? = 0
configure:3258: tar -xf - <conftest.tar
configure:3261: $? = 0
configure:3274: result: gnutar
configure:3294: checking whether to enable maintainer-specific portions of Makefiles
configure:3303: result: yes
configure:3318: checking for valac
configure:3336: found /usr/bin/valac
configure:3348: result: /usr/bin/valac
configure:3361: checking /usr/bin/valac is at least version 0.11.5
configure:3369: result: yes
configure:3411: checking for style of include used by make
configure:3439: result: GNU
configure:3509: checking for gcc
configure:3525: found /usr/bin/gcc
configure:3536: result: gcc
configure:3765: checking for C compiler version
configure:3774: gcc --version >&5
gcc (Ubuntu/Linaro 4.4.4-14ubuntu5) 4.4.5
Copyright (C) 2010 Free Software Foundation, Inc.
This is free software; see the source for copying conditions.  There is NO
warranty; not even for MERCHANTABILITY or FITNESS FOR A PARTICULAR PURPOSE.

configure:3785: $? = 0
configure:3774: gcc -v >&5
Using built-in specs.
Target: i686-linux-gnu
Configured with: ../src/configure -v --with-pkgversion='Ubuntu/Linaro 4.4.4-14ubuntu5' --with-bugurl=file:///usr/share/doc/gcc-4.4/README.Bugs --enable-languages=c,c++,fortran,objc,obj-c++ --prefix=/usr --program-suffix=-4.4 --enable-shared --enable-multiarch --enable-linker-build-id --with-system-zlib --libexecdir=/usr/lib --without-included-gettext --enable-threads=posix --with-gxx-include-dir=/usr/include/c++/4.4 --libdir=/usr/lib --enable-nls --with-sysroot=/ --enable-clocale=gnu --enable-libstdcxx-debug --enable-objc-gc --enable-targets=all --disable-werror --with-arch-32=i686 --with-tune=generic --enable-checking=release --build=i686-linux-gnu --host=i686-linux-gnu --target=i686-linux-gnu
Thread model: posix
gcc version 4.4.5 (Ubuntu/Linaro 4.4.4-14ubuntu5) 
configure:3785: $? = 0
configure:3774: gcc -V >&5
gcc: '-V' option must have argument
configure:3785: $? = 1
configure:3774: gcc -qversion >&5
gcc: unrecognized option '-qversion'
gcc: no input files
configure:3785: $? = 1
configure:3805: checking whether the C compiler works
configure:3827: gcc    conftest.c  >&5
configure:3831: $? = 0
configure:3879: result: yes
configure:3882: checking for C compiler default output file name
configure:3884: result: a.out
configure:3890: checking for suffix of executables
configure:3897: gcc -o conftest    conftest.c  >&5
configure:3901: $? = 0
configure:3923: result: 
configure:3945: checking whether we are cross compiling
configure:3953: gcc -o conftest    conftest.c  >&5
configure:3957: $? = 0
configure:3964: ./conftest
configure:3968: $? = 0
configure:3983: result: no
configure:3988: checking for suffix of object files
configure:4010: gcc -c   conftest.c >&5
configure:4014: $? = 0
configure:4035: result: o
configure:4039: checking whether we are using the GNU C compiler
configure:4058: gcc -c   conftest.c >&5
configure:4058: $? = 0
configure:4067: result: yes
configure:4076: checking whether gcc accepts -g
configure:4096: gcc -c -g  conftest.c >&5
configure:4096: $? = 0
configure:4137: result: yes
configure:4154: checking for gcc option to accept ISO C89
configure:4218: gcc  -c -g -O2  conftest.c >&5
configure:4218: $? = 0
configure:4231: result: none needed
configure:4253: checking dependency style of gcc
configure:4363: result: gcc3
configure:4384: checking how to run the C preprocessor
configure:4415: gcc -E  conftest.c
configure:4415: $? = 0
configure:4429: gcc -E  conftest.c
conftest.c:11: fatal error: ac_nonexistent.h: No such file or directory
compilation terminated.
configure:4429: $? = 1
configure: failed program was:
| /* confdefs.h */
| #define PACKAGE_NAME "beatbox"
| #define PACKAGE_TARNAME "beatbox"
| #define PACKAGE_VERSION "0.1"
| #define PACKAGE_STRING "beatbox 0.1"
| #define PACKAGE_BUGREPORT "https://launchpad.net/marlin"
| #define PACKAGE_URL ""
| #define PACKAGE "beatbox"
| #define VERSION "0.1"
| /* end confdefs.h.  */
| #include <ac_nonexistent.h>
configure:4454: result: gcc -E
configure:4474: gcc -E  conftest.c
configure:4474: $? = 0
configure:4488: gcc -E  conftest.c
conftest.c:11: fatal error: ac_nonexistent.h: No such file or directory
compilation terminated.
configure:4488: $? = 1
configure: failed program was:
| /* confdefs.h */
| #define PACKAGE_NAME "beatbox"
| #define PACKAGE_TARNAME "beatbox"
| #define PACKAGE_VERSION "0.1"
| #define PACKAGE_STRING "beatbox 0.1"
| #define PACKAGE_BUGREPORT "https://launchpad.net/marlin"
| #define PACKAGE_URL ""
| #define PACKAGE "beatbox"
| #define VERSION "0.1"
| /* end confdefs.h.  */
| #include <ac_nonexistent.h>
configure:4517: checking for grep that handles long lines and -e
configure:4575: result: /bin/grep
configure:4580: checking for egrep
configure:4642: result: /bin/grep -E
configure:4647: checking for ANSI C header files
configure:4667: gcc -c -g -O2  conftest.c >&5
configure:4667: $? = 0
configure:4740: gcc -o conftest -g -O2   conftest.c  >&5
configure:4740: $? = 0
configure:4740: ./conftest
configure:4740: $? = 0
configure:4751: result: yes
configure:4764: checking for sys/types.h
configure:4764: gcc -c -g -O2  conftest.c >&5
configure:4764: $? = 0
configure:4764: result: yes
configure:4764: checking for sys/stat.h
configure:4764: gcc -c -g -O2  conftest.c >&5
configure:4764: $? = 0
configure:4764: result: yes
configure:4764: checking for stdlib.h
configure:4764: gcc -c -g -O2  conftest.c >&5
configure:4764: $? = 0
configure:4764: result: yes
configure:4764: checking for string.h
configure:4764: gcc -c -g -O2  conftest.c >&5
configure:4764: $? = 0
configure:4764: result: yes
configure:4764: checking for memory.h
configure:4764: gcc -c -g -O2  conftest.c >&5
configure:4764: $? = 0
configure:4764: result: yes
configure:4764: checking for strings.h
configure:4764: gcc -c -g -O2  conftest.c >&5
configure:4764: $? = 0
configure:4764: result: yes
configure:4764: checking for inttypes.h
configure:4764: gcc -c -g -O2  conftest.c >&5
configure:4764: $? = 0
configure:4764: result: yes
configure:4764: checking for stdint.h
configure:4764: gcc -c -g -O2  conftest.c >&5
configure:4764: $? = 0
configure:4764: result: yes
configure:4764: checking for unistd.h
configure:4764: gcc -c -g -O2  conftest.c >&5
configure:4764: $? = 0
configure:4764: result: yes
configure:4776: checking whether byte ordering is bigendian
configure:4791: gcc -c -g -O2  conftest.c >&5
conftest.c:22: error: expected '=', ',', ';', 'asm' or '__attribute__' before 'a'
configure:4791: $? = 1
configure: failed program was:
| /* confdefs.h */
| #define PACKAGE_NAME "beatbox"
| #define PACKAGE_TARNAME "beatbox"
| #define PACKAGE_VERSION "0.1"
| #define PACKAGE_STRING "beatbox 0.1"
| #define PACKAGE_BUGREPORT "https://launchpad.net/marlin"
| #define PACKAGE_URL ""
| #define PACKAGE "beatbox"
| #define VERSION "0.1"
| #define STDC_HEADERS 1
| #define HAVE_SYS_TYPES_H 1
| #define HAVE_SYS_STAT_H 1
| #define HAVE_STDLIB_H 1
| #define HAVE_STRING_H 1
| #define HAVE_MEMORY_H 1
| #define HAVE_STRINGS_H 1
| #define HAVE_INTTYPES_H 1
| #define HAVE_STDINT_H 1
| #define HAVE_UNISTD_H 1
| /* end confdefs.h.  */
| #ifndef __APPLE_CC__
| 	       not a universal capable compiler
| 	     #endif
| 	     typedef int dummy;
| 
configure:4836: gcc -c -g -O2  conftest.c >&5
configure:4836: $? = 0
configure:4854: gcc -c -g -O2  conftest.c >&5
conftest.c: In function 'main':
conftest.c:28: error: 'not' undeclared (first use in this function)
conftest.c:28: error: (Each undeclared identifier is reported only once
conftest.c:28: error: for each function it appears in.)
conftest.c:28: error: expected ';' before 'big'
configure:4854: $? = 1
configure: failed program was:
| /* confdefs.h */
| #define PACKAGE_NAME "beatbox"
| #define PACKAGE_TARNAME "beatbox"
| #define PACKAGE_VERSION "0.1"
| #define PACKAGE_STRING "beatbox 0.1"
| #define PACKAGE_BUGREPORT "https://launchpad.net/marlin"
| #define PACKAGE_URL ""
| #define PACKAGE "beatbox"
| #define VERSION "0.1"
| #define STDC_HEADERS 1
| #define HAVE_SYS_TYPES_H 1
| #define HAVE_SYS_STAT_H 1
| #define HAVE_STDLIB_H 1
| #define HAVE_STRING_H 1
| #define HAVE_MEMORY_H 1
| #define HAVE_STRINGS_H 1
| #define HAVE_INTTYPES_H 1
| #define HAVE_STDINT_H 1
| #define HAVE_UNISTD_H 1
| /* end confdefs.h.  */
| #include <sys/types.h>
| 		#include <sys/param.h>
| 
| int
| main ()
| {
| #if BYTE_ORDER != BIG_ENDIAN
| 		 not big endian
| 		#endif
| 
|   ;
|   return 0;
| }
configure:4982: result: no
configure:5000: checking for an ANSI C-conforming const
configure:5065: gcc -c -g -O2  conftest.c >&5
configure:5065: $? = 0
configure:5072: result: yes
configure:5128: checking for gcc
configure:5155: result: gcc
configure:5384: checking for C compiler version
configure:5393: gcc --version >&5
gcc (Ubuntu/Linaro 4.4.4-14ubuntu5) 4.4.5
Copyright (C) 2010 Free Software Foundation, Inc.
This is free software; see the source for copying conditions.  There is NO
warranty; not even for MERCHANTABILITY or FITNESS FOR A PARTICULAR PURPOSE.

configure:5404: $? = 0
configure:5393: gcc -v >&5
Using built-in specs.
Target: i686-linux-gnu
Configured with: ../src/configure -v --with-pkgversion='Ubuntu/Linaro 4.4.4-14ubuntu5' --with-bugurl=file:///usr/share/doc/gcc-4.4/README.Bugs --enable-languages=c,c++,fortran,objc,obj-c++ --prefix=/usr --program-suffix=-4.4 --enable-shared --enable-multiarch --enable-linker-build-id --with-system-zlib --libexecdir=/usr/lib --without-included-gettext --enable-threads=posix --with-gxx-include-dir=/usr/include/c++/4.4 --libdir=/usr/lib --enable-nls --with-sysroot=/ --enable-clocale=gnu --enable-libstdcxx-debug --enable-objc-gc --enable-targets=all --disable-werror --with-arch-32=i686 --with-tune=generic --enable-checking=release --build=i686-linux-gnu --host=i686-linux-gnu --target=i686-linux-gnu
Thread model: posix
gcc version 4.4.5 (Ubuntu/Linaro 4.4.4-14ubuntu5) 
configure:5404: $? = 0
configure:5393: gcc -V >&5
gcc: '-V' option must have argument
configure:5404: $? = 1
configure:5393: gcc -qversion >&5
gcc: unrecognized option '-qversion'
gcc: no input files
configure:5404: $? = 1
configure:5408: checking whether we are using the GNU C compiler
configure:5436: result: yes
configure:5445: checking whether gcc accepts -g
configure:5506: result: yes
configure:5523: checking for gcc option to accept ISO C89
configure:5600: result: none needed
configure:5622: checking dependency style of gcc
configure:5732: result: gcc3
configure:5748: checking whether gcc and cc understand -c and -o together
configure:5779: gcc -c conftest.c -o conftest2.o >&5
configure:5783: $? = 0
configure:5789: gcc -c conftest.c -o conftest2.o >&5
configure:5793: $? = 0
configure:5804: cc -c conftest.c >&5
configure:5808: $? = 0
configure:5816: cc -c conftest.c -o conftest2.o >&5
configure:5820: $? = 0
configure:5826: cc -c conftest.c -o conftest2.o >&5
configure:5830: $? = 0
configure:5848: result: yes
configure:5873: checking for ANSI C header files
configure:5977: result: yes
configure:5990: checking how to run the C preprocessor
configure:6060: result: gcc -E
configure:6080: gcc -E  conftest.c
configure:6080: $? = 0
configure:6094: gcc -E  conftest.c
conftest.c:22: fatal error: ac_nonexistent.h: No such file or directory
compilation terminated.
configure:6094: $? = 1
configure: failed program was:
| /* confdefs.h */
| #define PACKAGE_NAME "beatbox"
| #define PACKAGE_TARNAME "beatbox"
| #define PACKAGE_VERSION "0.1"
| #define PACKAGE_STRING "beatbox 0.1"
| #define PACKAGE_BUGREPORT "https://launchpad.net/marlin"
| #define PACKAGE_URL ""
| #define PACKAGE "beatbox"
| #define VERSION "0.1"
| #define STDC_HEADERS 1
| #define HAVE_SYS_TYPES_H 1
| #define HAVE_SYS_STAT_H 1
| #define HAVE_STDLIB_H 1
| #define HAVE_STRING_H 1
| #define HAVE_MEMORY_H 1
| #define HAVE_STRINGS_H 1
| #define HAVE_INTTYPES_H 1
| #define HAVE_STDINT_H 1
| #define HAVE_UNISTD_H 1
| #define STDC_HEADERS 1
| /* end confdefs.h.  */
| #include <ac_nonexistent.h>
configure:6123: checking whether ln -s works
configure:6127: result: yes
configure:6134: checking whether make sets $(MAKE)
configure:6156: result: yes
configure:6200: checking build system type
configure:6214: result: i686-pc-linux-gnu
configure:6234: checking host system type
configure:6247: result: i686-pc-linux-gnu
configure:6595: checking for a sed that does not truncate output
configure:6659: result: /bin/sed
configure:6677: checking for fgrep
configure:6739: result: /bin/grep -F
configure:6774: checking for ld used by gcc
configure:6841: result: /usr/bin/ld
configure:6848: checking if the linker (/usr/bin/ld) is GNU ld
configure:6863: result: yes
configure:6875: checking for BSD- or MS-compatible name lister (nm)
configure:6924: result: /usr/bin/nm -B
configure:7042: checking the name lister (/usr/bin/nm -B) interface
configure:7049: gcc -c -g -O2  conftest.c >&5
configure:7052: /usr/bin/nm -B "conftest.o"
configure:7055: output
00000000 B some_variable
configure:7062: result: BSD nm
configure:7066: checking the maximum length of command line arguments
configure:7186: result: 1572864
configure:7203: checking whether the shell understands some XSI constructs
configure:7213: result: yes
configure:7217: checking whether the shell understands "+="
configure:7223: result: yes
configure:7258: checking for /usr/bin/ld option to reload object files
configure:7265: result: -r
configure:7334: checking for objdump
configure:7361: result: objdump
configure:7390: checking how to recognize dependent libraries
configure:7586: result: pass_all
configure:7646: checking for ar
configure:7662: found /usr/bin/ar
configure:7673: result: ar
configure:7751: checking for strip
configure:7767: found /usr/bin/strip
configure:7778: result: strip
configure:7850: checking for ranlib
configure:7866: found /usr/bin/ranlib
configure:7877: result: ranlib
configure:7967: checking command to parse /usr/bin/nm -B output from gcc object
configure:8085: gcc -c -g -O2  conftest.c >&5
configure:8088: $? = 0
configure:8092: /usr/bin/nm -B conftest.o \| sed -n -e 's/^.*[	 ]\([ABCDGIRSTW][ABCDGIRSTW]*\)[	 ][	 ]*\([_A-Za-z][_A-Za-z0-9]*\)$/\1 \2 \2/p' \> conftest.nm
configure:8095: $? = 0
configure:8149: gcc -o conftest -g -O2   conftest.c conftstm.o >&5
configure:8152: $? = 0
configure:8190: result: ok
configure:8995: checking for dlfcn.h
configure:8995: gcc -c -g -O2  conftest.c >&5
configure:8995: $? = 0
configure:8995: result: yes
configure:9147: checking for objdir
configure:9162: result: .libs
configure:9458: checking if gcc supports -fno-rtti -fno-exceptions
configure:9476: gcc -c -g -O2  -fno-rtti -fno-exceptions conftest.c >&5
cc1: warning: command line option "-fno-rtti" is valid for C++/ObjC++ but not for C
configure:9480: $? = 0
configure:9493: result: no
configure:9513: checking for gcc option to produce PIC
configure:9785: result: -fPIC -DPIC
configure:9797: checking if gcc PIC flag -fPIC -DPIC works
configure:9815: gcc -c -g -O2  -fPIC -DPIC -DPIC conftest.c >&5
configure:9819: $? = 0
configure:9832: result: yes
configure:9856: checking if gcc static flag -static works
configure:9884: result: yes
configure:9899: checking if gcc supports -c -o file.o
configure:9920: gcc -c -g -O2  -o out/conftest2.o conftest.c >&5
configure:9924: $? = 0
configure:9946: result: yes
configure:9954: checking if gcc supports -c -o file.o
configure:10001: result: yes
configure:10034: checking whether the gcc linker (/usr/bin/ld) supports shared libraries
configure:11025: result: yes
configure:11062: checking whether -lc should be explicitly linked in
configure:11067: gcc -c -g -O2  conftest.c >&5
configure:11070: $? = 0
configure:11085: gcc -shared conftest.o  -v -Wl,-soname -Wl,conftest -o conftest 2\>\&1 \| /bin/grep  -lc  \>/dev/null 2\>\&1
configure:11088: $? = 0
configure:11100: result: no
configure:11264: checking dynamic linker characteristics
configure:11697: gcc -o conftest -g -O2   -Wl,-rpath -Wl,/foo conftest.c  >&5
configure:11697: $? = 0
configure:11927: result: GNU/Linux ld.so
configure:12029: checking how to hardcode library paths into programs
configure:12054: result: immediate
configure:12574: checking whether stripping libraries is possible
configure:12579: result: yes
configure:12614: checking if libtool supports shared libraries
configure:12616: result: yes
configure:12619: checking whether to build shared libraries
configure:12640: result: yes
configure:12643: checking whether to build static libraries
configure:12647: result: no
configure:12684: checking for pkg-config
configure:12715: result: /usr/bin/pkg-config
configure:12732: checking for ALL
configure:12751: $PKG_CONFIG --exists --print-errors "
	gtk+-2.0		>= 2.16.0
	glib-2.0		>= 2.28.0
	gio-2.0
	gee-1.0
	gstreamer-0.10	>= 0.10
	sqlheavy-0.1
	webkit-1.0		>= 1.2.5
	libxml-2.0		>= 2.7.7
	gconf-2.0		>= 2.31.91
	unique-1.0
	libnotify
"
configure:12766: $? = 0
configure:12803: $PKG_CONFIG --exists --print-errors "
	gtk+-2.0		>= 2.16.0
	glib-2.0		>= 2.28.0
	gio-2.0
	gee-1.0
	gstreamer-0.10	>= 0.10
	sqlheavy-0.1
	webkit-1.0		>= 1.2.5
	libxml-2.0		>= 2.7.7
	gconf-2.0		>= 2.31.91
	unique-1.0
	libnotify
"
configure:12818: $? = 0
configure:12923: result: yes
configure:12939: checking locale.h usability
configure:12939: gcc -c -g -O2  conftest.c >&5
configure:12939: $? = 0
configure:12939: result: yes
configure:12939: checking locale.h presence
configure:12939: gcc -E  conftest.c
configure:12939: $? = 0
configure:12939: result: yes
configure:12939: checking for locale.h
configure:12939: result: yes
configure:12950: checking for LC_MESSAGES
configure:12966: gcc -o conftest -g -O2   conftest.c  >&5
configure:12966: $? = 0
configure:12974: result: yes
configure:12991: checking libintl.h usability
configure:12991: gcc -c -g -O2  conftest.c >&5
configure:12991: $? = 0
configure:12991: result: yes
configure:12991: checking libintl.h presence
configure:12991: gcc -E  conftest.c
configure:12991: $? = 0
configure:12991: result: yes
configure:12991: checking for libintl.h
configure:12991: result: yes
configure:12999: checking for ngettext in libc
configure:13017: gcc -o conftest -g -O2   conftest.c  >&5
configure:13017: $? = 0
configure:13026: result: yes
configure:13030: checking for dgettext in libc
configure:13048: gcc -o conftest -g -O2   conftest.c  >&5
configure:13048: $? = 0
configure:13057: result: yes
configure:13064: checking for bind_textdomain_codeset
configure:13064: gcc -o conftest -g -O2   conftest.c  >&5
configure:13064: $? = 0
configure:13064: result: yes
configure:13340: checking for msgfmt
configure:13367: result: /usr/bin/msgfmt
configure:13378: checking for dcgettext
configure:13378: gcc -o conftest -g -O2   conftest.c   >&5
conftest.c:52: warning: conflicting types for built-in function 'dcgettext'
configure:13378: $? = 0
configure:13378: result: yes
configure:13388: checking if msgfmt accepts -c
configure:13403: $MSGFMT -c -o /dev/null conftest.foo
configure:13406: $? = 0
configure:13408: result: yes
configure:13418: checking for gmsgfmt
configure:13449: result: /usr/bin/msgfmt
configure:13459: checking for xgettext
configure:13486: result: /usr/bin/xgettext
configure:13505: gcc -o conftest -g -O2   conftest.c   >&5
configure:13505: $? = 0
configure:13662: checking whether NLS is requested
configure:13671: result: yes
configure:13686: checking for intltool >= 0.40.1
configure:13693: result: 0.41.1 found
configure:13701: checking for intltool-update
configure:13719: found /usr/local/bin/intltool-update
configure:13731: result: /usr/local/bin/intltool-update
configure:13741: checking for intltool-merge
configure:13759: found /usr/local/bin/intltool-merge
configure:13771: result: /usr/local/bin/intltool-merge
configure:13781: checking for intltool-extract
configure:13799: found /usr/local/bin/intltool-extract
configure:13811: result: /usr/local/bin/intltool-extract
configure:13942: checking for xgettext
configure:13972: result: /usr/bin/xgettext
configure:13982: checking for msgmerge
configure:14000: found /usr/bin/msgmerge
configure:14012: result: /usr/bin/msgmerge
configure:14022: checking for msgfmt
configure:14052: result: /usr/bin/msgfmt
configure:14062: checking for gmsgfmt
configure:14093: result: /usr/bin/msgfmt
configure:14113: checking for perl
configure:14131: found /usr/bin/perl
configure:14143: result: /usr/bin/perl
configure:14154: checking for perl >= 5.8.1
configure:14161: result: 5.10.1
configure:14165: checking for XML::Parser
configure:14168: result: ok
configure:14225: checking float.h usability
configure:14225: gcc -c -g -O2  conftest.c >&5
configure:14225: $? = 0
configure:14225: result: yes
configure:14225: checking float.h presence
configure:14225: gcc -E  conftest.c
configure:14225: $? = 0
configure:14225: result: yes
configure:14225: checking for float.h
configure:14225: result: yes
configure:14225: checking for stdlib.h
configure:14225: result: yes
configure:14225: checking for string.h
configure:14225: result: yes
configure:14241: checking for strrchr
configure:14241: gcc -o conftest -g -O2   conftest.c  >&5
conftest.c:58: warning: conflicting types for built-in function 'strrchr'
configure:14241: $? = 0
configure:14241: result: yes
configure:14270: checking for more warnings
configure:14315: result: no
configure:14345: checking X11/XF86keysym.h usability
configure:14345: gcc -c -g -O2  conftest.c >&5
configure:14345: $? = 0
configure:14345: result: yes
configure:14345: checking X11/XF86keysym.h presence
configure:14345: gcc -E  conftest.c
configure:14345: $? = 0
configure:14345: result: yes
configure:14345: checking for X11/XF86keysym.h
configure:14345: result: yes
configure:14491: creating ./config.status

## ---------------------- ##
## Running config.status. ##
## ---------------------- ##

This file was extended by beatbox config.status 0.1, which was
generated by GNU Autoconf 2.67.  Invocation command line was

  CONFIG_FILES    = 
  CONFIG_HEADERS  = 
  CONFIG_LINKS    = 
  CONFIG_COMMANDS = 
  $ ./config.status 

on scott-Inspiron-1525

config.status:1226: creating Makefile
config.status:1226: creating src/Makefile
config.status:1226: creating images/Makefile
config.status:1226: creating data/Makefile
config.status:1226: creating po/Makefile.in
config.status:1226: creating config.h
config.status:1454: executing depfiles commands
config.status:1454: executing libtool commands
config.status:1454: executing default-1 commands
config.status:1454: executing po/stamp-it commands

## ---------------- ##
## Cache variables. ##
## ---------------- ##

ac_cv_build=i686-pc-linux-gnu
ac_cv_c_bigendian=no
ac_cv_c_compiler_gnu=yes
ac_cv_c_const=yes
ac_cv_env_ALL_CFLAGS_set=
ac_cv_env_ALL_CFLAGS_value=
ac_cv_env_ALL_LIBS_set=
ac_cv_env_ALL_LIBS_value=
ac_cv_env_CC_set=
ac_cv_env_CC_value=
ac_cv_env_CFLAGS_set=
ac_cv_env_CFLAGS_value=
ac_cv_env_CPPFLAGS_set=
ac_cv_env_CPPFLAGS_value=
ac_cv_env_CPP_set=
ac_cv_env_CPP_value=
ac_cv_env_LDFLAGS_set=
ac_cv_env_LDFLAGS_value=
ac_cv_env_LIBS_set=
ac_cv_env_LIBS_value=
ac_cv_env_PKG_CONFIG_LIBDIR_set=
ac_cv_env_PKG_CONFIG_LIBDIR_value=
ac_cv_env_PKG_CONFIG_PATH_set=
ac_cv_env_PKG_CONFIG_PATH_value=
ac_cv_env_PKG_CONFIG_set=
ac_cv_env_PKG_CONFIG_value=
ac_cv_env_build_alias_set=
ac_cv_env_build_alias_value=
ac_cv_env_host_alias_set=
ac_cv_env_host_alias_value=
ac_cv_env_target_alias_set=
ac_cv_env_target_alias_value=
ac_cv_func_bind_textdomain_codeset=yes
ac_cv_func_dcgettext=yes
ac_cv_func_strrchr=yes
ac_cv_header_X11_XF86keysym_h=yes
ac_cv_header_dlfcn_h=yes
ac_cv_header_float_h=yes
ac_cv_header_inttypes_h=yes
ac_cv_header_libintl_h=yes
ac_cv_header_locale_h=yes
ac_cv_header_memory_h=yes
ac_cv_header_stdc=yes
ac_cv_header_stdint_h=yes
ac_cv_header_stdlib_h=yes
ac_cv_header_string_h=yes
ac_cv_header_strings_h=yes
ac_cv_header_sys_stat_h=yes
ac_cv_header_sys_types_h=yes
ac_cv_header_unistd_h=yes
ac_cv_host=i686-pc-linux-gnu
ac_cv_objext=o
ac_cv_path_EGREP='/bin/grep -E'
ac_cv_path_FGREP='/bin/grep -F'
ac_cv_path_GMSGFMT=/usr/bin/msgfmt
ac_cv_path_GREP=/bin/grep
ac_cv_path_INTLTOOL_EXTRACT=/usr/local/bin/intltool-extract
ac_cv_path_INTLTOOL_MERGE=/usr/local/bin/intltool-merge
ac_cv_path_INTLTOOL_PERL=/usr/bin/perl
ac_cv_path_INTLTOOL_UPDATE=/usr/local/bin/intltool-update
ac_cv_path_MSGFMT=/usr/bin/msgfmt
ac_cv_path_MSGMERGE=/usr/bin/msgmerge
ac_cv_path_PKG_CONFIG=/usr/bin/pkg-config
ac_cv_path_SED=/bin/sed
ac_cv_path_VALAC=/usr/bin/valac
ac_cv_path_XGETTEXT=/usr/bin/xgettext
ac_cv_path_ac_pt_PKG_CONFIG=/usr/bin/pkg-config
ac_cv_path_install='/usr/bin/install -c'
ac_cv_path_mkdir=/bin/mkdir
ac_cv_prog_AWK=mawk
ac_cv_prog_CPP='gcc -E'
ac_cv_prog_ac_ct_AR=ar
ac_cv_prog_ac_ct_CC=gcc
ac_cv_prog_ac_ct_OBJDUMP=objdump
ac_cv_prog_ac_ct_RANLIB=ranlib
ac_cv_prog_ac_ct_STRIP=strip
ac_cv_prog_cc_c89=
ac_cv_prog_cc_g=yes
ac_cv_prog_cc_gcc_c_o=yes
ac_cv_prog_make_make_set=yes
am_cv_CC_dependencies_compiler_type=gcc3
am_cv_prog_tar_ustar=gnutar
am_cv_val_LC_MESSAGES=yes
gt_cv_func_dgettext_libc=yes
gt_cv_func_dgettext_libintl=no
gt_cv_func_ngettext_libc=yes
gt_cv_have_gettext=yes
lt_cv_deplibs_check_method=pass_all
lt_cv_file_magic_cmd='$MAGIC_CMD'
lt_cv_file_magic_test_file=
lt_cv_ld_reload_flag=-r
lt_cv_nm_interface='BSD nm'
lt_cv_objdir=.libs
lt_cv_path_LD=/usr/bin/ld
lt_cv_path_NM='/usr/bin/nm -B'
lt_cv_prog_compiler_c_o=yes
lt_cv_prog_compiler_pic_works=yes
lt_cv_prog_compiler_rtti_exceptions=no
lt_cv_prog_compiler_static_works=yes
lt_cv_prog_gnu_ld=yes
lt_cv_sys_global_symbol_pipe='sed -n -e '\''s/^.*[	 ]\([ABCDGIRSTW][ABCDGIRSTW]*\)[	 ][	 ]*\([_A-Za-z][_A-Za-z0-9]*\)$/\1 \2 \2/p'\'''
lt_cv_sys_global_symbol_to_c_name_address='sed -n -e '\''s/^: \([^ ]*\) $/  {\"\1\", (void *) 0},/p'\'' -e '\''s/^[ABCDGIRSTW]* \([^ ]*\) \([^ ]*\)$/  {"\2", (void *) \&\2},/p'\'''
lt_cv_sys_global_symbol_to_c_name_address_lib_prefix='sed -n -e '\''s/^: \([^ ]*\) $/  {\"\1\", (void *) 0},/p'\'' -e '\''s/^[ABCDGIRSTW]* \([^ ]*\) \(lib[^ ]*\)$/  {"\2", (void *) \&\2},/p'\'' -e '\''s/^[ABCDGIRSTW]* \([^ ]*\) \([^ ]*\)$/  {"lib\2", (void *) \&\2},/p'\'''
lt_cv_sys_global_symbol_to_cdecl='sed -n -e '\''s/^T .* \(.*\)$/extern int \1();/p'\'' -e '\''s/^[ABCDGIRSTW]* .* \(.*\)$/extern char \1;/p'\'''
lt_cv_sys_max_cmd_len=1572864
pkg_cv_ALL_CFLAGS='-pthread -DORBIT2=1 -I/usr/local/include/gio-unix-2.0/ -I/usr/local/include/glib-2.0 -I/usr/local/lib/glib-2.0/include -I/usr/local/include/sqlheavy/sqlheavy-0.1 -I/usr/include/gtk-2.0 -I/usr/lib/gtk-2.0/include -I/usr/include/atk-1.0 -I/usr/include/cairo -I/usr/include/gdk-pixbuf-2.0 -I/usr/include/pango-1.0 -I/usr/include/pixman-1 -I/usr/include/freetype2 -I/usr/include/libpng12 -I/usr/include/gee-1.0 -I/usr/include/gstreamer-0.10 -I/usr/include/libxml2 -I/usr/include/webkit-1.0 -I/usr/include/libsoup-2.4 -I/usr/include/gconf/2 -I/usr/include/orbit-2.0 -I/usr/include/unique-1.0 -I/usr/include/dbus-1.0 -I/usr/lib/dbus-1.0/include  '
pkg_cv_ALL_LIBS='-pthread -L/usr/local/lib -L/lib -lgee -lgstreamer-0.10 -lsqlheavy0.1 -lwebkit-1.0 -lsoup-2.4 -lxml2 -lgconf-2 -lunique-1.0 -lnotify -lgtk-x11-2.0 -ldbus-glib-1 -lgdk-x11-2.0 -latk-1.0 -lgio-2.0 -lpangoft2-1.0 -lpangocairo-1.0 -lgdk_pixbuf-2.0 -lm -lcairo -lpng12 -lpango-1.0 -lfreetype -lfontconfig -lgmodule-2.0 -ldbus-1 -lpthread -lgobject-2.0 -lgthread-2.0 -lrt -lglib-2.0  '

## ----------------- ##
## Output variables. ##
## ----------------- ##










	$(AM_V_GEN) glib-mkenums --comments '\''<!-- @comment@ -->'\'' --fhead "<schemalist>" --vhead "  <@type@ id='\''$(gsettings_ENUM_NAMESPACE).@EnumName@'\''>" --vprod "    <value nick='\''@valuenick@'\'' value='\''@valuenum@'\''/>" --vtail "  </@type@>" --ftail "</schemalist>" $(gsettings_ENUM_FILES) > $@.tmp && mv $@.tmp $@
	$(AM_V_GEN) if test -f "$<"; then d=; else d="$(srcdir)/"; fi; $(GLIB_COMPILE_SCHEMAS) --strict --dry-run $(addprefix --schema-file=,$(gsettings__enum_file)) --schema-file=$${d}$< && touch $@
	$(INSTALL_DATA) $^ "$(DESTDIR)$(gsettingsschemadir)"
	@$(NORMAL_INSTALL)
	@$(NORMAL_UNINSTALL)
	@list='\''$(gsettings_SCHEMAS) $(gsettings__enum_file)'\''; test -n "$(gsettingsschemadir)" || list=; \
	cd "$(DESTDIR)$(gsettingsschemadir)" && rm -f $$files
	echo " ( cd '\''$(DESTDIR)$(gsettingsschemadir)'\'' && rm -f" $$files ")"; \
	files=`for p in $$list; do echo $$p; done | sed -e '\''s|^.*/||'\''`; \
	rm -f $(gsettings_SCHEMAS:.xml=.valid) $(gsettings__enum_file)
	test -n "$$files" || exit 0; \
	test -n "$(GSETTINGS_DISABLE_SCHEMAS_COMPILE)$(DESTDIR)" || $(GLIB_COMPILE_SCHEMAS) $(gsettingsschemadir)
	test -n "$(GSETTINGS_DISABLE_SCHEMAS_COMPILE)$(DESTDIR)" || $(GLIB_COMPILE_SCHEMAS) $(gsettingsschemadir)
	test -z "$(gsettingsschemadir)" || $(MKDIR_P) "$(DESTDIR)$(gsettingsschemadir)"
$(gsettings__enum_file): $(gsettings_ENUM_FILES)
%.gschema.valid: %.gschema.xml $(gsettings__enum_file)
.PHONY : uninstall-gsettings-schemas install-gsettings-schemas clean-gsettings-schemas
.SECONDARY: $(gsettings_SCHEMAS)
ACLOCAL='${SHELL} /home/scott/beat-box/missing --run aclocal-1.11'
ACLOCAL_AMFLAGS='${ACLOCAL_FLAGS}'
ALL_CFLAGS='-pthread -DORBIT2=1 -I/usr/local/include/gio-unix-2.0/ -I/usr/local/include/glib-2.0 -I/usr/local/lib/glib-2.0/include -I/usr/local/include/sqlheavy/sqlheavy-0.1 -I/usr/include/gtk-2.0 -I/usr/lib/gtk-2.0/include -I/usr/include/atk-1.0 -I/usr/include/cairo -I/usr/include/gdk-pixbuf-2.0 -I/usr/include/pango-1.0 -I/usr/include/pixman-1 -I/usr/include/freetype2 -I/usr/include/libpng12 -I/usr/include/gee-1.0 -I/usr/include/gstreamer-0.10 -I/usr/include/libxml2 -I/usr/include/webkit-1.0 -I/usr/include/libsoup-2.4 -I/usr/include/gconf/2 -I/usr/include/orbit-2.0 -I/usr/include/unique-1.0 -I/usr/include/dbus-1.0 -I/usr/lib/dbus-1.0/include  '
ALL_LIBS='-pthread -L/usr/local/lib -L/lib -lgee -lgstreamer-0.10 -lsqlheavy0.1 -lwebkit-1.0 -lsoup-2.4 -lxml2 -lgconf-2 -lunique-1.0 -lnotify -lgtk-x11-2.0 -ldbus-glib-1 -lgdk-x11-2.0 -latk-1.0 -lgio-2.0 -lpangoft2-1.0 -lpangocairo-1.0 -lgdk_pixbuf-2.0 -lm -lcairo -lpng12 -lpango-1.0 -lfreetype -lfontconfig -lgmodule-2.0 -ldbus-1 -lpthread -lgobject-2.0 -lgthread-2.0 -lrt -lglib-2.0  '
ALL_LINGUAS=''
AMDEPBACKSLASH='\'
AMDEP_FALSE='#'
AMDEP_TRUE=''
AMTAR='${SHELL} /home/scott/beat-box/missing --run tar'
AM_BACKSLASH='\'
AM_DEFAULT_VERBOSITY='0'
AR='ar'
AS='as'
AUTOCONF='${SHELL} /home/scott/beat-box/missing --run autoconf'
AUTOHEADER='${SHELL} /home/scott/beat-box/missing --run autoheader'
AUTOMAKE='${SHELL} /home/scott/beat-box/missing --run automake-1.11'
AWK='mawk'
CATALOGS=''
CATOBJEXT='.gmo'
CC='gcc'
CCDEPMODE='depmode=gcc3'
CFLAGS='-g -O2'
CORE_CFLAGS='-pthread -DORBIT2=1 -I/usr/local/include/glib-2.0 -I/usr/local/lib/glib-2.0/include -I/usr/local/include/gio-unix-2.0/ -I/usr/local/include/sqlheavy/sqlheavy-0.1 -I/usr/include/gtk-2.0 -I/usr/lib/gtk-2.0/include -I/usr/include/atk-1.0 -I/usr/include/cairo -I/usr/include/gdk-pixbuf-2.0 -I/usr/include/pango-1.0 -I/usr/include/pixman-1 -I/usr/include/freetype2 -I/usr/include/libpng12 -I/usr/include/gee-1.0 -I/usr/include/gstreamer-0.10 -I/usr/include/libxml2 -I/usr/include/taglib -I/usr/include/webkit-1.0 -I/usr/include/libsoup-2.4 -I/usr/include/gconf/2 -I/usr/include/orbit-2.0 -I/usr/include/dbus-1.0 -I/usr/lib/dbus-1.0/include -I/usr/include/unique-1.0    '
CORE_LIBS='-pthread -L/usr/local/lib -L/lib -lgee -lgstreamer-0.10 -ltag_c -ltag -lsqlheavy0.1 -lwebkit-1.0 -lsoup-2.4 -lxml2 -lgconf-2 -lnotify -ldbus-glib-1 -ldbus-1 -lpthread -lunique-1.0 -lgtk-x11-2.0 -lgdk-x11-2.0 -latk-1.0 -lgio-2.0 -lpangoft2-1.0 -lpangocairo-1.0 -lgdk_pixbuf-2.0 -lm -lcairo -lpng12 -lpango-1.0 -lfreetype -lfontconfig -lgobject-2.0 -lgmodule-2.0 -lgthread-2.0 -lrt -lglib-2.0   '
CPP='gcc -E'
CPPFLAGS=''
CYGPATH_W='echo'
DATADIRNAME='share'
DBUSSERVICEDIR='/usr/share/dbus-1/services'
DEFS='-DHAVE_CONFIG_H'
DEPDIR='.deps'
DISABLE_DEPRECATED_CFLAGS='-DG_DISABLE_DEPRECATED -DGTK_DISABLE_DEPRECATED -DGDK_DISABLE_DEPRECATED -DGDK_PIXBUF_DISABLE_DEPRECATED'
DLLTOOL='dlltool'
DSYMUTIL=''
DUMPBIN=''
ECHO_C=''
ECHO_N='-n'
ECHO_T=''
EGREP='/bin/grep -E'
EXEEXT=''
FGREP='/bin/grep -F'
GETTEXT_PACKAGE='beatbox'
GLIB_COMPILE_SCHEMAS='/usr/local/bin/glib-compile-schemas'
GLIB_REQUIRED='2.28.0'
GMOFILES=''
GMSGFMT='/usr/bin/msgfmt'
GREP='/bin/grep'
GSETTINGS_DISABLE_SCHEMAS_COMPILE=''
GSETTINGS_RULES='
INSTALL_DATA='${INSTALL} -m 644'
INSTALL_PROGRAM='${INSTALL}'
INSTALL_SCRIPT='${INSTALL}'
INSTALL_STRIP_PROGRAM='$(install_sh) -c -s'
INSTOBJEXT='.mo'
INTLLIBS=''
INTLTOOL_CAVES_RULE='%.caves:     %.caves.in     $(INTLTOOL_MERGE) $(wildcard $(top_srcdir)/po/*.po) ; LC_ALL=C $(INTLTOOL_MERGE) -d -u -c $(top_builddir)/po/.intltool-merge-cache $(top_srcdir)/po $< $@'
INTLTOOL_DESKTOP_RULE='%.desktop:   %.desktop.in   $(INTLTOOL_MERGE) $(wildcard $(top_srcdir)/po/*.po) ; LC_ALL=C $(INTLTOOL_MERGE) -d -u -c $(top_builddir)/po/.intltool-merge-cache $(top_srcdir)/po $< $@'
INTLTOOL_DIRECTORY_RULE='%.directory: %.directory.in $(INTLTOOL_MERGE) $(wildcard $(top_srcdir)/po/*.po) ; LC_ALL=C $(INTLTOOL_MERGE) -d -u -c $(top_builddir)/po/.intltool-merge-cache $(top_srcdir)/po $< $@'
INTLTOOL_EXTRACT='/usr/local/bin/intltool-extract'
INTLTOOL_KBD_RULE='%.kbd:       %.kbd.in       $(INTLTOOL_MERGE) $(wildcard $(top_srcdir)/po/*.po) ; LC_ALL=C $(INTLTOOL_MERGE) -x -u -m -c $(top_builddir)/po/.intltool-merge-cache $(top_srcdir)/po $< $@'
INTLTOOL_KEYS_RULE='%.keys:      %.keys.in      $(INTLTOOL_MERGE) $(wildcard $(top_srcdir)/po/*.po) ; LC_ALL=C $(INTLTOOL_MERGE) -k -u -c $(top_builddir)/po/.intltool-merge-cache $(top_srcdir)/po $< $@'
INTLTOOL_MERGE='/usr/local/bin/intltool-merge'
INTLTOOL_OAF_RULE='%.oaf:       %.oaf.in       $(INTLTOOL_MERGE) $(wildcard $(top_srcdir)/po/*.po) ; LC_ALL=C $(INTLTOOL_MERGE) -o -p $(top_srcdir)/po $< $@'
INTLTOOL_PERL='/usr/bin/perl'
INTLTOOL_POLICY_RULE='%.policy:    %.policy.in    $(INTLTOOL_MERGE) $(wildcard $(top_srcdir)/po/*.po) ; LC_ALL=C $(INTLTOOL_MERGE) -x -u -c $(top_builddir)/po/.intltool-merge-cache $(top_srcdir)/po $< $@'
INTLTOOL_PONG_RULE='%.pong:      %.pong.in      $(INTLTOOL_MERGE) $(wildcard $(top_srcdir)/po/*.po) ; LC_ALL=C $(INTLTOOL_MERGE) -x -u -c $(top_builddir)/po/.intltool-merge-cache $(top_srcdir)/po $< $@'
INTLTOOL_PROP_RULE='%.prop:      %.prop.in      $(INTLTOOL_MERGE) $(wildcard $(top_srcdir)/po/*.po) ; LC_ALL=C $(INTLTOOL_MERGE) -d -u -c $(top_builddir)/po/.intltool-merge-cache $(top_srcdir)/po $< $@'
INTLTOOL_SCHEMAS_RULE='%.schemas:   %.schemas.in   $(INTLTOOL_MERGE) $(wildcard $(top_srcdir)/po/*.po) ; LC_ALL=C $(INTLTOOL_MERGE) -s -u -c $(top_builddir)/po/.intltool-merge-cache $(top_srcdir)/po $< $@'
INTLTOOL_SERVER_RULE='%.server:    %.server.in    $(INTLTOOL_MERGE) $(wildcard $(top_srcdir)/po/*.po) ; LC_ALL=C $(INTLTOOL_MERGE) -o -u -c $(top_builddir)/po/.intltool-merge-cache $(top_srcdir)/po $< $@'
INTLTOOL_SERVICE_RULE='%.service: %.service.in   $(INTLTOOL_MERGE) $(wildcard $(top_srcdir)/po/*.po) ; LC_ALL=C $(INTLTOOL_MERGE) -d -u -c $(top_builddir)/po/.intltool-merge-cache $(top_srcdir)/po $< $@'
INTLTOOL_SHEET_RULE='%.sheet:     %.sheet.in     $(INTLTOOL_MERGE) $(wildcard $(top_srcdir)/po/*.po) ; LC_ALL=C $(INTLTOOL_MERGE) -x -u -c $(top_builddir)/po/.intltool-merge-cache $(top_srcdir)/po $< $@'
INTLTOOL_SOUNDLIST_RULE='%.soundlist: %.soundlist.in $(INTLTOOL_MERGE) $(wildcard $(top_srcdir)/po/*.po) ; LC_ALL=C $(INTLTOOL_MERGE) -d -u -c $(top_builddir)/po/.intltool-merge-cache $(top_srcdir)/po $< $@'
INTLTOOL_THEME_RULE='%.theme:     %.theme.in     $(INTLTOOL_MERGE) $(wildcard $(top_srcdir)/po/*.po) ; LC_ALL=C $(INTLTOOL_MERGE) -d -u -c $(top_builddir)/po/.intltool-merge-cache $(top_srcdir)/po $< $@'
INTLTOOL_UI_RULE='%.ui:        %.ui.in        $(INTLTOOL_MERGE) $(wildcard $(top_srcdir)/po/*.po) ; LC_ALL=C $(INTLTOOL_MERGE) -x -u -c $(top_builddir)/po/.intltool-merge-cache $(top_srcdir)/po $< $@'
INTLTOOL_UPDATE='/usr/local/bin/intltool-update'
INTLTOOL_XAM_RULE='%.xam:       %.xml.in       $(INTLTOOL_MERGE) $(wildcard $(top_srcdir)/po/*.po) ; LC_ALL=C $(INTLTOOL_MERGE) -x -u -c $(top_builddir)/po/.intltool-merge-cache $(top_srcdir)/po $< $@'
INTLTOOL_XML_NOMERGE_RULE='%.xml:       %.xml.in       $(INTLTOOL_MERGE) ; LC_ALL=C $(INTLTOOL_MERGE) -x -u /tmp $< $@'
INTLTOOL_XML_RULE='%.xml:       %.xml.in       $(INTLTOOL_MERGE) $(wildcard $(top_srcdir)/po/*.po) ; LC_ALL=C $(INTLTOOL_MERGE) -x -u -c $(top_builddir)/po/.intltool-merge-cache $(top_srcdir)/po $< $@'
LD='/usr/bin/ld'
LDFLAGS=''
LIBOBJS=''
LIBS=''
LIBTOOL='$(SHELL) $(top_builddir)/libtool'
LIPO=''
LN_S='ln -s'
LTLIBOBJS=''
MAINT=''
MAINTAINER_MODE_FALSE='#'
MAINTAINER_MODE_TRUE=''
MAKEINFO='${SHELL} /home/scott/beat-box/missing --run makeinfo'
MKDIR_P='/bin/mkdir -p'
MKINSTALLDIRS='./mkinstalldirs'
MSGFMT='/usr/bin/msgfmt'
MSGFMT_OPTS='-c'
MSGMERGE='/usr/bin/msgmerge'
NM='/usr/bin/nm -B'
NMEDIT=''
OBJDUMP='objdump'
OBJEXT='o'
OTOOL64=''
OTOOL=''
PACKAGE='beatbox'
PACKAGE_BUGREPORT='https://launchpad.net/marlin'
PACKAGE_NAME='beatbox'
PACKAGE_STRING='beatbox 0.1'
PACKAGE_TARNAME='beatbox'
PACKAGE_URL=''
PACKAGE_VERSION='0.1'
PATH_SEPARATOR=':'
PKG_CONFIG='/usr/bin/pkg-config'
PKG_CONFIG_LIBDIR=''
PKG_CONFIG_PATH=''
POFILES=''
POSUB='po'
PO_IN_DATADIR_FALSE=''
PO_IN_DATADIR_TRUE=''
RANLIB='ranlib'
SED='/bin/sed'
SET_MAKE=''
SHELL='/bin/bash'
STRIP='strip'
USE_NLS='yes'
VALAC='/usr/bin/valac'
VERSION='0.1'
XGETTEXT='/usr/bin/xgettext'
ac_ct_CC='gcc'
ac_ct_DUMPBIN=''
all-am: $(gsettings_SCHEMAS:.xml=.valid)
am__EXEEXT_FALSE=''
am__EXEEXT_TRUE='#'
am__fastdepCC_FALSE='#'
am__fastdepCC_TRUE=''
am__include='include'
am__isrc=''
am__leading_dot='.'
am__quote=''
am__tar='tar --format=ustar -chf - "$$tardir"'
am__untar='tar -xf -'
bindir='${exec_prefix}/bin'
build='i686-pc-linux-gnu'
build_alias=''
build_cpu='i686'
build_os='linux-gnu'
build_vendor='pc'
clean-gsettings-schemas:
datadir='${datarootdir}'
datarootdir='${prefix}/share'
docdir='${datarootdir}/doc/${PACKAGE_TARNAME}'
dvidir='${docdir}'
endif'
exec_prefix='${prefix}'
gsettings__enum_file = $(addsuffix .enums.xml,$(gsettings_ENUM_NAMESPACE))
gsettingsschemadir='${datarootdir}/glib-2.0/schemas'
host='i686-pc-linux-gnu'
host_alias=''
host_cpu='i686'
host_os='linux-gnu'
host_vendor='pc'
htmldir='${docdir}'
ifdef gsettings_ENUM_NAMESPACE
includedir='${prefix}/include'
infodir='${datarootdir}/info'
install-data-am: install-gsettings-schemas
install-gsettings-schemas: $(gsettings_SCHEMAS) $(gsettings__enum_file)
install_sh='${SHELL} /home/scott/beat-box/install-sh'
libdir='${exec_prefix}/lib'
libexecdir='${exec_prefix}/libexec'
localedir='/usr/local/share/locale'
localstatedir='${prefix}/var'
lt_ECHO='echo'
mandir='${datarootdir}/man'
mkdir_p='/bin/mkdir -p'
mostlyclean-am: clean-gsettings-schemas
oldincludedir='/usr/include'
pdfdir='${docdir}'
prefix='/usr/local'
program_transform_name='s,x,x,'
psdir='${docdir}'
sbindir='${exec_prefix}/sbin'
sharedstatedir='${prefix}/com'
sysconfdir='${prefix}/etc'
target_alias=''
uninstall-am: uninstall-gsettings-schemas
uninstall-gsettings-schemas:

## ----------- ##
## confdefs.h. ##
## ----------- ##

/* confdefs.h */
#define PACKAGE_NAME "beatbox"
#define PACKAGE_TARNAME "beatbox"
#define PACKAGE_VERSION "0.1"
#define PACKAGE_STRING "beatbox 0.1"
#define PACKAGE_BUGREPORT "https://launchpad.net/marlin"
#define PACKAGE_URL ""
#define PACKAGE "beatbox"
#define VERSION "0.1"
#define STDC_HEADERS 1
#define HAVE_SYS_TYPES_H 1
#define HAVE_SYS_STAT_H 1
#define HAVE_STDLIB_H 1
#define HAVE_STRING_H 1
#define HAVE_MEMORY_H 1
#define HAVE_STRINGS_H 1
#define HAVE_INTTYPES_H 1
#define HAVE_STDINT_H 1
#define HAVE_UNISTD_H 1
#define STDC_HEADERS 1
#define HAVE_DLFCN_H 1
#define LT_OBJDIR ".libs/"
#define GETTEXT_PACKAGE "beatbox"
#define HAVE_LOCALE_H 1
#define HAVE_LC_MESSAGES 1
#define HAVE_BIND_TEXTDOMAIN_CODESET 1
#define HAVE_GETTEXT 1
#define HAVE_DCGETTEXT 1
#define ENABLE_NLS 1
#define GNOMELOCALEDIR "/usr/local/share/locale"
#define HAVE_FLOAT_H 1
#define HAVE_STDLIB_H 1
#define HAVE_STRING_H 1
#define HAVE_STRRCHR 1
#define HAVE_X11_XF86KEYSYM_H 1

configure: exit 0
