# project beatbox (0.1) configured on Thu Mar 17 22:16:34 2011 by
# waf 1.5.16 (abi 7, python 20606f0 on linux2)
# using ./waf configure
#

----------------------------------------
Checking for program gcc or cc
  find program=['gcc', 'cc'] paths=[] var='CC'
  -> '/usr/bin/gcc'

----------------------------------------
Checking for program cpp
  find program=['cpp'] paths=[] var='CPP'
  -> '/usr/bin/cpp'

----------------------------------------
Checking for program ar
  find program=['ar'] paths=[] var='AR'
  -> '/usr/bin/ar'

----------------------------------------
Checking for program ranlib
  find program=['ranlib'] paths=[] var='RANLIB'
  -> '/usr/bin/ranlib'

----------------------------------------
Checking for gcc 
ok 

----------------------------------------
Checking for program valac
  find program=['valac'] paths=[] var='VALAC'
  -> '/usr/bin/valac'

----------------------------------------
Checking for gobject-2.0
pkg-config --errors-to-stdout --print-errors --cflags --libs gobject-2.0
-pthread -I/usr/include/glib-2.0 -I/usr/lib/glib-2.0/include  -pthread -lgobject-2.0 -lgthread-2.0 -lrt -lglib-2.0  
yes

----------------------------------------
Checking for gthread-2.0
pkg-config --errors-to-stdout --print-errors --cflags --libs gthread-2.0
-pthread -I/usr/include/glib-2.0 -I/usr/lib/glib-2.0/include  -pthread -lgthread-2.0 -lrt -lglib-2.0  
yes

-------------------------------------------
Checking for program version valac >= 0.1.6
ok 0.11.6

-------------------------------------------
Checking for gtk+-2.0 >= 2.16.0
pkg-config --errors-to-stdout --print-errors --atleast-version=2.16.0 gtk+-2.0
pkg-config --errors-to-stdout --print-errors --cflags --libs gtk+-2.0
-pthread -I/usr/include/gtk-2.0 -I/usr/lib/gtk-2.0/include -I/usr/include/atk-1.0 -I/usr/include/cairo -I/usr/include/gdk-pixbuf-2.0 -I/usr/include/pango-1.0 -I/usr/include/gio-unix-2.0/ -I/usr/include/glib-2.0 -I/usr/lib/glib-2.0/include -I/usr/include/pixman-1 -I/usr/include/freetype2 -I/usr/include/libpng12  -pthread -lgtk-x11-2.0 -lgdk-x11-2.0 -latk-1.0 -lgio-2.0 -lpangoft2-1.0 -lpangocairo-1.0 -lgdk_pixbuf-2.0 -lm -lcairo -lpng12 -lpango-1.0 -lfreetype -lfontconfig -lgobject-2.0 -lgmodule-2.0 -lgthread-2.0 -lrt -lglib-2.0  
yes

-------------------------------------------
Checking for gee-1.0 >= 0.5.3
pkg-config --errors-to-stdout --print-errors --atleast-version=0.5.3 gee-1.0
pkg-config --errors-to-stdout --print-errors --cflags --libs gee-1.0
-pthread -I/usr/include/gee-1.0 -I/usr/include/glib-2.0 -I/usr/lib/glib-2.0/include  -pthread -lgee -lgobject-2.0 -lgthread-2.0 -lrt -lglib-2.0  
yes

-------------------------------------------
Checking for gstreamer-0.10 >= 0.10
pkg-config --errors-to-stdout --print-errors --atleast-version=0.10 gstreamer-0.10
pkg-config --errors-to-stdout --print-errors --cflags --libs gstreamer-0.10
-pthread -I/usr/include/gstreamer-0.10 -I/usr/include/glib-2.0 -I/usr/lib/glib-2.0/include -I/usr/include/libxml2  -pthread -lgstreamer-0.10 -lgobject-2.0 -lgmodule-2.0 -lxml2 -lgthread-2.0 -lrt -lglib-2.0  
yes

-------------------------------------------
Checking for taglib_c >= 1.6.3
pkg-config --errors-to-stdout --print-errors --atleast-version=1.6.3 taglib_c
pkg-config --errors-to-stdout --print-errors --cflags --libs taglib_c
-I/usr/include/taglib  -ltag_c -ltag  
yes

-------------------------------------------
Checking for gio-2.0 >= 2.26.0
pkg-config --errors-to-stdout --print-errors --atleast-version=2.26.0 gio-2.0
pkg-config --errors-to-stdout --print-errors --cflags --libs gio-2.0
-pthread -I/usr/include/glib-2.0 -I/usr/lib/glib-2.0/include  -pthread -lgio-2.0 -lgobject-2.0 -lgmodule-2.0 -lgthread-2.0 -lrt -lglib-2.0  
yes

-------------------------------------------
Checking for sqlheavy-0.1 >= 0.0
pkg-config --errors-to-stdout --print-errors --atleast-version=0.0 sqlheavy-0.1
pkg-config --errors-to-stdout --print-errors --cflags --libs sqlheavy-0.1
-pthread -I/usr/local/include/sqlheavy/sqlheavy-0.1 -I/usr/include/glib-2.0 -I/usr/lib/glib-2.0/include  -pthread -L/usr/local/lib -lsqlheavy0.1 -lgio-2.0 -lgobject-2.0 -lgmodule-2.0 -lgthread-2.0 -lrt -lglib-2.0  
yes

-------------------------------------------
Checking for webkit-1.0 >= 1.2.5
pkg-config --errors-to-stdout --print-errors --atleast-version=1.2.5 webkit-1.0
pkg-config --errors-to-stdout --print-errors --cflags --libs webkit-1.0
-pthread -I/usr/include/webkit-1.0 -I/usr/include/glib-2.0 -I/usr/lib/glib-2.0/include -I/usr/include/gtk-2.0 -I/usr/include/libsoup-2.4 -I/usr/lib/gtk-2.0/include -I/usr/include/atk-1.0 -I/usr/include/cairo -I/usr/include/gdk-pixbuf-2.0 -I/usr/include/pango-1.0 -I/usr/include/gio-unix-2.0/ -I/usr/include/pixman-1 -I/usr/include/freetype2 -I/usr/include/libpng12 -I/usr/include/libxml2  -pthread -lwebkit-1.0 -lgtk-x11-2.0 -lsoup-2.4 -lgdk-x11-2.0 -latk-1.0 -lpangoft2-1.0 -lpangocairo-1.0 -lgdk_pixbuf-2.0 -lm -lcairo -lpng12 -lpango-1.0 -lfreetype -lfontconfig -lgio-2.0 -lgobject-2.0 -lgmodule-2.0 -lgthread-2.0 -lrt -lglib-2.0  
yes

-------------------------------------------
Checking for libxml-2.0 >= 2.7.7
pkg-config --errors-to-stdout --print-errors --atleast-version=2.7.7 libxml-2.0
pkg-config --errors-to-stdout --print-errors --cflags --libs libxml-2.0
-I/usr/include/libxml2  -lxml2  
yes

-------------------------------------------
Checking for gconf-2.0 >= 2.31.91
pkg-config --errors-to-stdout --print-errors --atleast-version=2.31.91 gconf-2.0
pkg-config --errors-to-stdout --print-errors --cflags --libs gconf-2.0
-DORBIT2=1 -pthread -I/usr/include/gconf/2 -I/usr/include/orbit-2.0 -I/usr/include/glib-2.0 -I/usr/lib/glib-2.0/include  -lgconf-2 -lglib-2.0  
yes

-------------------------------------------
Checking for libnotify >= 0.5.0
pkg-config --errors-to-stdout --print-errors --atleast-version=0.5.0 libnotify
pkg-config --errors-to-stdout --print-errors --cflags --libs libnotify
-pthread -I/usr/include/gtk-2.0 -I/usr/include/glib-2.0 -I/usr/lib/glib-2.0/include -I/usr/include/dbus-1.0 -I/usr/lib/dbus-1.0/include -I/usr/lib/gtk-2.0/include -I/usr/include/atk-1.0 -I/usr/include/cairo -I/usr/include/gdk-pixbuf-2.0 -I/usr/include/pango-1.0 -I/usr/include/gio-unix-2.0/ -I/usr/include/pixman-1 -I/usr/include/freetype2 -I/usr/include/libpng12  -pthread -L/lib -lnotify -lgtk-x11-2.0 -ldbus-glib-1 -lgdk-x11-2.0 -latk-1.0 -lgio-2.0 -lpangoft2-1.0 -lpangocairo-1.0 -lgdk_pixbuf-2.0 -lm -lcairo -lpng12 -lpango-1.0 -lfreetype -lfontconfig -lgmodule-2.0 -ldbus-1 -lpthread -lgobject-2.0 -lgthread-2.0 -lrt -lglib-2.0  
yes
